app/build/intermediates/manifest_merge_blame_file/debug/manifest-merger-blame-debug-report.txt
1<?xml version="1.0" encoding="utf-8"?>
2<manifest xmlns:android="http://schemas.android.com/apk/res/android"
3    package="com.noida.authority"
4    android:versionCode="1"
5    android:versionName="1.0" >
6
7    <uses-sdk
8        android:minSdkVersion="21"
8-->src/main/AndroidManifest.xml
9        android:targetSdkVersion="29" />
9-->src/main/AndroidManifest.xml
10
11    <uses-permission android:name="android.permission.INTERNET" />
11-->src/main/AndroidManifest.xml:5:5-67
11-->src/main/AndroidManifest.xml:5:22-64
12    <uses-permission android:name="android.permission.ACCESS_NETWORK_STATE" />
12-->src/main/AndroidManifest.xml:6:5-79
12-->src/main/AndroidManifest.xml:6:22-76
13    <uses-permission android:name="android.permission.CAMERA" />
13-->src/main/AndroidManifest.xml:7:5-65
13-->src/main/AndroidManifest.xml:7:22-62
14
15    <uses-feature android:name="android.hardware.camera" />
15-->src/main/AndroidManifest.xml:9:5-60
15-->src/main/AndroidManifest.xml:9:19-57
16
17    <uses-permission android:name="android.permission.ACCESS_FINE_LOCATION" />
17-->src/main/AndroidManifest.xml:11:5-79
17-->src/main/AndroidManifest.xml:11:22-76
18    <uses-permission android:name="android.permission. ACCESS_COARSE_LOCATION" />
18-->src/main/AndroidManifest.xml:12:5-82
18-->src/main/AndroidManifest.xml:12:22-79
19    <uses-permission android:name="android.permission.WRITE_EXTERNAL_STORAGE" />
19-->src/main/AndroidManifest.xml:13:5-81
19-->src/main/AndroidManifest.xml:13:22-78
20    <uses-permission android:name="android.permission.READ_EXTERNAL_STORAGE" />
20-->src/main/AndroidManifest.xml:14:5-80
20-->src/main/AndroidManifest.xml:14:22-77
21    <uses-permission android:name="android.permission.CALL_PHONE" />
21-->src/main/AndroidManifest.xml:15:5-69
21-->src/main/AndroidManifest.xml:15:22-66
22    <uses-permission android:name="android.permission.DOWNLOAD_WITHOUT_NOTIFICATION" />
22-->[:highcharts-release:] AndroidManifest.xml:14:5-88
22-->[:highcharts-release:] AndroidManifest.xml:14:22-85
23    <uses-permission android:name="android.permission.WAKE_LOCK" />
23-->[com.google.android.gms:play-services-measurement:17.4.3] AndroidManifest.xml:25:5-68
23-->[com.google.android.gms:play-services-measurement:17.4.3] AndroidManifest.xml:25:22-65
24    <uses-permission android:name="com.google.android.finsky.permission.BIND_GET_INSTALL_REFERRER_SERVICE" /> <!-- Required by older versions of Google Play services to create IID tokens -->
24-->[com.google.android.gms:play-services-measurement:17.4.3] AndroidManifest.xml:26:5-110
24-->[com.google.android.gms:play-services-measurement:17.4.3] AndroidManifest.xml:26:22-107
25    <uses-permission android:name="com.google.android.c2dm.permission.RECEIVE" />
25-->[com.google.firebase:firebase-iid:20.1.5] AndroidManifest.xml:26:5-82
25-->[com.google.firebase:firebase-iid:20.1.5] AndroidManifest.xml:26:22-79
26
27    <application
27-->src/main/AndroidManifest.xml:16:5-74:19
28        android:allowBackup="true"
28-->src/main/AndroidManifest.xml:17:9-35
29        android:appComponentFactory="androidx.core.app.CoreComponentFactory"
29-->[androidx.core:core:1.1.0] AndroidManifest.xml:24:18-86
30        android:debuggable="true"
31        android:icon="@mipmap/ic_launcher"
31-->src/main/AndroidManifest.xml:18:9-43
32        android:label="@string/app_name"
32-->src/main/AndroidManifest.xml:19:9-41
33        android:requestLegacyExternalStorage="true"
33-->src/main/AndroidManifest.xml:20:9-52
34        android:roundIcon="@mipmap/ic_launcher_round"
34-->src/main/AndroidManifest.xml:21:9-54
35        android:supportsRtl="true"
35-->src/main/AndroidManifest.xml:22:9-35
36        android:testOnly="true"
37        android:theme="@style/AppTheme"
37-->src/main/AndroidManifest.xml:23:9-40
38        android:usesCleartextTraffic="true" >
38-->src/main/AndroidManifest.xml:24:9-44
39        <service
39-->src/main/AndroidManifest.xml:25:9-28:47
40            android:name="com.noida.authority.Service.AppLocationService"
40-->src/main/AndroidManifest.xml:26:13-55
41            android:enabled="true"
41-->src/main/AndroidManifest.xml:27:13-35
42            android:exported="true" />
42-->src/main/AndroidManifest.xml:28:13-36
43
44        <activity android:name="com.noida.authority.activity.DepartmentActivity" />
44-->src/main/AndroidManifest.xml:30:9-65
44-->src/main/AndroidManifest.xml:30:19-62
45        <activity android:name="com.noida.authority.activity.TimeLineReportActivity" />
45-->src/main/AndroidManifest.xml:31:9-69
45-->src/main/AndroidManifest.xml:31:19-66
46        <activity android:name="com.noida.authority.activity.complaintview.ComplaintBasic" />
46-->src/main/AndroidManifest.xml:32:9-75
46-->src/main/AndroidManifest.xml:32:19-72
47        <activity android:name="com.noida.authority.activity.OfficerComplaintDetailsActivity" />
47-->src/main/AndroidManifest.xml:33:9-78
47-->src/main/AndroidManifest.xml:33:19-75
48        <activity android:name="com.noida.authority.activity.OfficerRequestActivity" />
48-->src/main/AndroidManifest.xml:34:9-69
48-->src/main/AndroidManifest.xml:34:19-66
49        <activity android:name="com.noida.authority.activity.DetailedReport" />
49-->src/main/AndroidManifest.xml:35:9-61
49-->src/main/AndroidManifest.xml:35:19-58
50        <activity android:name="com.noida.authority.activity.OfficerFilteredReportActivity" />
50-->src/main/AndroidManifest.xml:36:9-76
50-->src/main/AndroidManifest.xml:36:19-73
51        <activity android:name="com.noida.authority.activity.OfficerDashBoardActivity" />
51-->src/main/AndroidManifest.xml:37:9-71
51-->src/main/AndroidManifest.xml:37:19-68
52        <activity android:name="com.noida.authority.activity.LandingActivity" />
52-->src/main/AndroidManifest.xml:38:9-62
52-->src/main/AndroidManifest.xml:38:19-59
53        <activity android:name="com.noida.authority.activity.KyaDetails" />
53-->src/main/AndroidManifest.xml:39:9-57
53-->src/main/AndroidManifest.xml:39:19-54
54        <activity android:name="com.noida.authority.activity.SearchActivity" />
54-->src/main/AndroidManifest.xml:40:9-61
54-->src/main/AndroidManifest.xml:40:19-58
55        <activity android:name="com.noida.authority.activity.LodgeNewComplaint" />
55-->src/main/AndroidManifest.xml:41:9-64
55-->src/main/AndroidManifest.xml:41:19-61
56        <activity android:name="com.noida.authority.activity.KyaDocumentUpload" />
56-->src/main/AndroidManifest.xml:42:9-64
56-->src/main/AndroidManifest.xml:42:19-61
57        <activity android:name="com.noida.authority.activity.SplashActivity" >
57-->src/main/AndroidManifest.xml:43:9-49:20
57-->src/main/AndroidManifest.xml:43:19-58
58            <intent-filter>
58-->src/main/AndroidManifest.xml:44:13-48:29
59                <action android:name="android.intent.action.MAIN" />
59-->src/main/AndroidManifest.xml:45:17-69
59-->src/main/AndroidManifest.xml:45:25-66
60
61                <category android:name="android.intent.category.LAUNCHER" />
61-->src/main/AndroidManifest.xml:47:17-77
61-->src/main/AndroidManifest.xml:47:27-74
62            </intent-filter>
63        </activity>
64        <activity android:name="com.noida.authority.MainActivity" />
64-->src/main/AndroidManifest.xml:50:9-50
64-->src/main/AndroidManifest.xml:50:19-47
65        <activity android:name="com.noida.authority.activity.LoginActivity" />
65-->src/main/AndroidManifest.xml:51:9-60
65-->src/main/AndroidManifest.xml:51:19-57
66        <activity android:name="com.noida.authority.activity.KyaCommunicationInfo" />
66-->src/main/AndroidManifest.xml:52:9-67
66-->src/main/AndroidManifest.xml:52:19-64
67        <activity android:name="com.noida.authority.activity.GeneralInstruction" />
67-->src/main/AndroidManifest.xml:53:9-65
67-->src/main/AndroidManifest.xml:53:19-62
68        <activity android:name="com.noida.authority.activity.KyaAllotteeInfo" />
68-->src/main/AndroidManifest.xml:54:9-62
68-->src/main/AndroidManifest.xml:54:19-59
69        <activity android:name="com.noida.authority.activity.ComplaintDetailsActivity" />
69-->src/main/AndroidManifest.xml:55:9-71
69-->src/main/AndroidManifest.xml:55:19-68
70        <activity android:name="com.noida.authority.activity.ComplaintActivity" />
70-->src/main/AndroidManifest.xml:56:9-64
70-->src/main/AndroidManifest.xml:56:19-61
71        <activity android:name="com.noida.authority.activity.ComplainStatusActivity" />
71-->src/main/AndroidManifest.xml:57:9-69
71-->src/main/AndroidManifest.xml:57:19-66
72        <activity android:name="com.noida.authority.activity.NotificationActivity" />
72-->src/main/AndroidManifest.xml:58:9-67
72-->src/main/AndroidManifest.xml:58:19-64
73        <activity android:name="com.noida.authority.activity.GraphActivity" />
73-->src/main/AndroidManifest.xml:59:9-60
73-->src/main/AndroidManifest.xml:59:19-57
74        <activity android:name="com.noida.authority.fragment.MyRequest" />
74-->src/main/AndroidManifest.xml:60:9-56
74-->src/main/AndroidManifest.xml:60:19-53
75        <activity
75-->src/main/AndroidManifest.xml:61:9-63:47
76            android:name="com.noida.authority.activity.WebVersion"
76-->src/main/AndroidManifest.xml:62:13-48
77            android:theme="@style/WebTheme" />
77-->src/main/AndroidManifest.xml:63:13-44
78
79        <provider
79-->src/main/AndroidManifest.xml:65:9-73:20
80            android:name="androidx.core.content.FileProvider"
80-->src/main/AndroidManifest.xml:66:13-62
81            android:authorities="com.noida.authority.fileprovider"
81-->src/main/AndroidManifest.xml:67:13-67
82            android:exported="false"
82-->src/main/AndroidManifest.xml:68:13-37
83            android:grantUriPermissions="true" >
83-->src/main/AndroidManifest.xml:69:13-47
84            <meta-data
84-->src/main/AndroidManifest.xml:70:13-72:54
85                android:name="android.support.FILE_PROVIDER_PATHS"
85-->src/main/AndroidManifest.xml:71:17-67
86                android:resource="@xml/file_paths" />
86-->src/main/AndroidManifest.xml:72:17-51
87        </provider>
88
89        <service
89-->[com.google.firebase:firebase-config:19.1.4] AndroidManifest.xml:29:9-35:19
90            android:name="com.google.firebase.components.ComponentDiscoveryService"
90-->[com.google.firebase:firebase-config:19.1.4] AndroidManifest.xml:30:13-84
91            android:directBootAware="true"
91-->[com.google.firebase:firebase-common:19.3.0] AndroidManifest.xml:34:13-43
92            android:exported="false" >
92-->[com.google.firebase:firebase-config:19.1.4] AndroidManifest.xml:31:13-37
93            <meta-data
93-->[com.google.firebase:firebase-config:19.1.4] AndroidManifest.xml:32:13-34:85
94                android:name="com.google.firebase.components:com.google.firebase.remoteconfig.RemoteConfigRegistrar"
94-->[com.google.firebase:firebase-config:19.1.4] AndroidManifest.xml:33:17-117
95                android:value="com.google.firebase.components.ComponentRegistrar" />
95-->[com.google.firebase:firebase-config:19.1.4] AndroidManifest.xml:34:17-82
96            <meta-data
96-->[com.google.android.gms:play-services-measurement-api:17.4.3] AndroidManifest.xml:30:13-32:85
97                android:name="com.google.firebase.components:com.google.firebase.analytics.connector.internal.AnalyticsConnectorRegistrar"
97-->[com.google.android.gms:play-services-measurement-api:17.4.3] AndroidManifest.xml:31:17-139
98                android:value="com.google.firebase.components.ComponentRegistrar" />
98-->[com.google.android.gms:play-services-measurement-api:17.4.3] AndroidManifest.xml:32:17-82
99            <meta-data
99-->[com.google.firebase:firebase-abt:19.0.1] AndroidManifest.xml:13:13-15:85
100                android:name="com.google.firebase.components:com.google.firebase.abt.component.AbtRegistrar"
100-->[com.google.firebase:firebase-abt:19.0.1] AndroidManifest.xml:14:17-109
101                android:value="com.google.firebase.components.ComponentRegistrar" />
101-->[com.google.firebase:firebase-abt:19.0.1] AndroidManifest.xml:15:17-82
102            <meta-data
102-->[com.google.firebase:firebase-iid:20.1.5] AndroidManifest.xml:32:13-34:85
103                android:name="com.google.firebase.components:com.google.firebase.iid.Registrar"
103-->[com.google.firebase:firebase-iid:20.1.5] AndroidManifest.xml:33:17-96
104                android:value="com.google.firebase.components.ComponentRegistrar" />
104-->[com.google.firebase:firebase-iid:20.1.5] AndroidManifest.xml:34:17-82
105            <meta-data
105-->[com.google.firebase:firebase-installations:16.2.1] AndroidManifest.xml:17:13-19:85
106                android:name="com.google.firebase.components:com.google.firebase.installations.FirebaseInstallationsRegistrar"
106-->[com.google.firebase:firebase-installations:16.2.1] AndroidManifest.xml:18:17-127
107                android:value="com.google.firebase.components.ComponentRegistrar" />
107-->[com.google.firebase:firebase-installations:16.2.1] AndroidManifest.xml:19:17-82
108        </service>
109
110        <receiver
110-->[com.google.android.gms:play-services-measurement:17.4.3] AndroidManifest.xml:29:9-33:20
111            android:name="com.google.android.gms.measurement.AppMeasurementReceiver"
111-->[com.google.android.gms:play-services-measurement:17.4.3] AndroidManifest.xml:30:13-85
112            android:enabled="true"
112-->[com.google.android.gms:play-services-measurement:17.4.3] AndroidManifest.xml:31:13-35
113            android:exported="false" >
113-->[com.google.android.gms:play-services-measurement:17.4.3] AndroidManifest.xml:32:13-37
114        </receiver>
115
116        <service
116-->[com.google.android.gms:play-services-measurement:17.4.3] AndroidManifest.xml:35:9-38:40
117            android:name="com.google.android.gms.measurement.AppMeasurementService"
117-->[com.google.android.gms:play-services-measurement:17.4.3] AndroidManifest.xml:36:13-84
118            android:enabled="true"
118-->[com.google.android.gms:play-services-measurement:17.4.3] AndroidManifest.xml:37:13-35
119            android:exported="false" />
119-->[com.google.android.gms:play-services-measurement:17.4.3] AndroidManifest.xml:38:13-37
120        <service
120-->[com.google.android.gms:play-services-measurement:17.4.3] AndroidManifest.xml:39:9-43:72
121            android:name="com.google.android.gms.measurement.AppMeasurementJobService"
121-->[com.google.android.gms:play-services-measurement:17.4.3] AndroidManifest.xml:40:13-87
122            android:enabled="true"
122-->[com.google.android.gms:play-services-measurement:17.4.3] AndroidManifest.xml:41:13-35
123            android:exported="false"
123-->[com.google.android.gms:play-services-measurement:17.4.3] AndroidManifest.xml:42:13-37
124            android:permission="android.permission.BIND_JOB_SERVICE" />
124-->[com.google.android.gms:play-services-measurement:17.4.3] AndroidManifest.xml:43:13-69
125
126        <receiver
126-->[com.google.firebase:firebase-iid:20.1.5] AndroidManifest.xml:37:9-44:20
127            android:name="com.google.firebase.iid.FirebaseInstanceIdReceiver"
127-->[com.google.firebase:firebase-iid:20.1.5] AndroidManifest.xml:38:13-78
128            android:exported="true"
128-->[com.google.firebase:firebase-iid:20.1.5] AndroidManifest.xml:39:13-36
129            android:permission="com.google.android.c2dm.permission.SEND" >
129-->[com.google.firebase:firebase-iid:20.1.5] AndroidManifest.xml:40:13-73
130            <intent-filter>
130-->[com.google.firebase:firebase-iid:20.1.5] AndroidManifest.xml:41:13-43:29
131                <action android:name="com.google.android.c2dm.intent.RECEIVE" />
131-->[com.google.firebase:firebase-iid:20.1.5] AndroidManifest.xml:42:17-81
131-->[com.google.firebase:firebase-iid:20.1.5] AndroidManifest.xml:42:25-78
132            </intent-filter>
133        </receiver>
134
135        <provider
135-->[com.google.firebase:firebase-common:19.3.0] AndroidManifest.xml:26:9-30:39
136            android:name="com.google.firebase.provider.FirebaseInitProvider"
136-->[com.google.firebase:firebase-common:19.3.0] AndroidManifest.xml:27:13-77
137            android:authorities="com.noida.authority.firebaseinitprovider"
137-->[com.google.firebase:firebase-common:19.3.0] AndroidManifest.xml:28:13-72
138            android:exported="false"
138-->[com.google.firebase:firebase-common:19.3.0] AndroidManifest.xml:29:13-37
139            android:initOrder="100" />
139-->[com.google.firebase:firebase-common:19.3.0] AndroidManifest.xml:30:13-36
140
141        <activity
141-->[com.google.android.gms:play-services-base:17.0.0] AndroidManifest.xml:23:9-26:75
142            android:name="com.google.android.gms.common.api.GoogleApiActivity"
142-->[com.google.android.gms:play-services-base:17.0.0] AndroidManifest.xml:24:13-79
143            android:exported="false"
143-->[com.google.android.gms:play-services-base:17.0.0] AndroidManifest.xml:25:13-37
144            android:theme="@android:style/Theme.Translucent.NoTitleBar" />
144-->[com.google.android.gms:play-services-base:17.0.0] AndroidManifest.xml:26:13-72
145
146        <meta-data
146-->[com.google.android.gms:play-services-basement:17.0.0] AndroidManifest.xml:23:9-25:69
147            android:name="com.google.android.gms.version"
147-->[com.google.android.gms:play-services-basement:17.0.0] AndroidManifest.xml:24:13-58
148            android:value="@integer/google_play_services_version" />
148-->[com.google.android.gms:play-services-basement:17.0.0] AndroidManifest.xml:25:13-66
149
150        <provider
150-->[androidx.lifecycle:lifecycle-process:2.0.0] AndroidManifest.xml:23:9-27:43
151            android:name="androidx.lifecycle.ProcessLifecycleOwnerInitializer"
151-->[androidx.lifecycle:lifecycle-process:2.0.0] AndroidManifest.xml:24:13-79
152            android:authorities="com.noida.authority.lifecycle-process"
152-->[androidx.lifecycle:lifecycle-process:2.0.0] AndroidManifest.xml:25:13-69
153            android:exported="false"
153-->[androidx.lifecycle:lifecycle-process:2.0.0] AndroidManifest.xml:26:13-37
154            android:multiprocess="true" />
154-->[androidx.lifecycle:lifecycle-process:2.0.0] AndroidManifest.xml:27:13-40
155    </application>
156
157</manifest>